2026-03-29 01:51:24,119 [INFO] 已加载 12 轮历史对话
2026-03-29 01:51:54,868 [INFO] HTTP Request: POST https://coding.dashscope.aliyuncs.com/v1/chat/completions "HTTP/1.1 200 OK"
2026-03-29 01:51:58,939 [INFO] HTTP Request: POST https://coding.dashscope.aliyuncs.com/v1/chat/completions "HTTP/1.1 200 OK"
2026-03-29 01:51:58,942 [INFO] 历史已保存，当前 13 轮对话
2026-03-29 01:54:32,122 [INFO] HTTP Request: POST https://coding.dashscope.aliyuncs.com/v1/chat/completions "HTTP/1.1 200 OK"
2026-03-29 01:54:34,098 [INFO] HTTP Request: POST https://coding.dashscope.aliyuncs.com/v1/chat/completions "HTTP/1.1 200 OK"
2026-03-29 01:54:35,684 [INFO] HTTP Request: POST https://coding.dashscope.aliyuncs.com/v1/chat/completions "HTTP/1.1 200 OK"
2026-03-29 01:54:47,524 [INFO] HTTP Request: POST https://coding.dashscope.aliyuncs.com/v1/chat/completions "HTTP/1.1 200 OK"
2026-03-29 01:54:50,379 [INFO] HTTP Request: POST https://coding.dashscope.aliyuncs.com/v1/chat/completions "HTTP/1.1 200 OK"
2026-03-29 01:54:50,381 [INFO] 历史已保存，当前 14 轮对话
2026-03-29 01:56:48,730 [INFO] HTTP Request: POST https://coding.dashscope.aliyuncs.com/v1/chat/completions "HTTP/1.1 200 OK"
2026-03-29 01:56:48,739 [INFO] 历史已保存，当前 15 轮对话
2026-03-29 20:41:12,208 [INFO] 已加载 15 轮历史对话
2026-03-29 20:41:52,653 [INFO] HTTP Request: POST https://coding.dashscope.aliyuncs.com/v1/chat/completions "HTTP/1.1 200 OK"
2026-03-29 20:41:54,893 [INFO] HTTP Request: POST https://coding.dashscope.aliyuncs.com/v1/chat/completions "HTTP/1.1 200 OK"
2026-03-29 20:42:08,103 [INFO] HTTP Request: POST https://coding.dashscope.aliyuncs.com/v1/chat/completions "HTTP/1.1 200 OK"
2026-03-29 20:42:11,126 [INFO] HTTP Request: POST https://coding.dashscope.aliyuncs.com/v1/chat/completions "HTTP/1.1 200 OK"
2026-03-29 20:42:12,846 [INFO] HTTP Request: POST https://coding.dashscope.aliyuncs.com/v1/chat/completions "HTTP/1.1 200 OK"
2026-03-29 20:42:15,760 [INFO] HTTP Request: POST https://coding.dashscope.aliyuncs.com/v1/chat/completions "HTTP/1.1 200 OK"
2026-03-29 20:42:17,525 [INFO] HTTP Request: POST https://coding.dashscope.aliyuncs.com/v1/chat/completions "HTTP/1.1 200 OK"
2026-03-29 20:42:24,406 [INFO] HTTP Request: POST https://coding.dashscope.aliyuncs.com/v1/chat/completions "HTTP/1.1 200 OK"
2026-03-29 20:42:24,414 [INFO] 历史已保存，当前 16 轮对话
2026-03-29 20:42:59,578 [INFO] HTTP Request: POST https://coding.dashscope.aliyuncs.com/v1/chat/completions "HTTP/1.1 200 OK"
2026-03-29 20:43:08,964 [INFO] HTTP Request: POST https://coding.dashscope.aliyuncs.com/v1/chat/completions "HTTP/1.1 200 OK"
2026-03-29 20:43:11,099 [INFO] HTTP Request: POST https://coding.dashscope.aliyuncs.com/v1/chat/completions "HTTP/1.1 200 OK"
2026-03-29 20:43:21,093 [INFO] HTTP Request: POST https://coding.dashscope.aliyuncs.com/v1/chat/completions "HTTP/1.1 200 OK"
2026-03-29 20:43:23,977 [INFO] HTTP Request: POST https://coding.dashscope.aliyuncs.com/v1/chat/completions "HTTP/1.1 200 OK"
2026-03-29 20:43:35,383 [INFO] HTTP Request: POST https://coding.dashscope.aliyuncs.com/v1/chat/completions "HTTP/1.1 200 OK"
2026-03-29 20:43:37,533 [INFO] HTTP Request: POST https://coding.dashscope.aliyuncs.com/v1/chat/completions "HTTP/1.1 200 OK"
2026-03-29 20:43:46,851 [INFO] HTTP Request: POST https://coding.dashscope.aliyuncs.com/v1/chat/completions "HTTP/1.1 200 OK"
2026-03-29 20:43:52,684 [INFO] HTTP Request: POST https://coding.dashscope.aliyuncs.com/v1/chat/completions "HTTP/1.1 200 OK"
2026-03-29 20:44:05,236 [INFO] HTTP Request: POST https://coding.dashscope.aliyuncs.com/v1/chat/completions "HTTP/1.1 200 OK"
2026-03-29 20:44:18,060 [INFO] HTTP Request: POST https://coding.dashscope.aliyuncs.com/v1/chat/completions "HTTP/1.1 200 OK"
2026-03-29 20:45:00,677 [INFO] HTTP Request: POST https://coding.dashscope.aliyuncs.com/v1/chat/completions "HTTP/1.1 200 OK"
2026-03-29 20:45:04,093 [INFO] HTTP Request: POST https://coding.dashscope.aliyuncs.com/v1/chat/completions "HTTP/1.1 200 OK"
2026-03-29 20:45:15,111 [INFO] HTTP Request: POST https://coding.dashscope.aliyuncs.com/v1/chat/completions "HTTP/1.1 200 OK"
2026-03-29 20:45:49,310 [INFO] HTTP Request: POST https://coding.dashscope.aliyuncs.com/v1/chat/completions "HTTP/1.1 200 OK"
2026-03-29 20:45:59,455 [INFO] HTTP Request: POST https://coding.dashscope.aliyuncs.com/v1/chat/completions "HTTP/1.1 200 OK"
2026-03-29 20:46:01,114 [INFO] HTTP Request: POST https://coding.dashscope.aliyuncs.com/v1/chat/completions "HTTP/1.1 200 OK"
2026-03-29 20:47:12,163 [INFO] HTTP Request: POST https://coding.dashscope.aliyuncs.com/v1/chat/completions "HTTP/1.1 200 OK"
2026-03-29 20:47:43,831 [INFO] HTTP Request: POST https://coding.dashscope.aliyuncs.com/v1/chat/completions "HTTP/1.1 200 OK"
2026-03-29 20:47:55,658 [INFO] HTTP Request: POST https://coding.dashscope.aliyuncs.com/v1/chat/completions "HTTP/1.1 200 OK"
2026-03-29 20:47:55,661 [INFO] 历史已保存，当前 17 轮对话
2026-03-29 20:50:34,143 [INFO] HTTP Request: POST https://coding.dashscope.aliyuncs.com/v1/chat/completions "HTTP/1.1 200 OK"
2026-03-29 20:51:05,869 [INFO] HTTP Request: POST https://coding.dashscope.aliyuncs.com/v1/chat/completions "HTTP/1.1 200 OK"
2026-03-29 20:51:25,719 [INFO] HTTP Request: POST https://coding.dashscope.aliyuncs.com/v1/chat/completions "HTTP/1.1 200 OK"
2026-03-29 20:51:28,277 [INFO] HTTP Request: POST https://coding.dashscope.aliyuncs.com/v1/chat/completions "HTTP/1.1 200 OK"
2026-03-29 20:52:11,976 [INFO] HTTP Request: POST https://coding.dashscope.aliyuncs.com/v1/chat/completions "HTTP/1.1 200 OK"
2026-03-29 20:52:14,647 [INFO] HTTP Request: POST https://coding.dashscope.aliyuncs.com/v1/chat/completions "HTTP/1.1 200 OK"
2026-03-29 20:52:29,226 [INFO] HTTP Request: POST https://coding.dashscope.aliyuncs.com/v1/chat/completions "HTTP/1.1 200 OK"
2026-03-29 20:52:43,443 [INFO] HTTP Request: POST https://coding.dashscope.aliyuncs.com/v1/chat/completions "HTTP/1.1 200 OK"
2026-03-29 20:52:49,212 [INFO] HTTP Request: POST https://coding.dashscope.aliyuncs.com/v1/chat/completions "HTTP/1.1 200 OK"
2026-03-29 20:52:57,849 [INFO] HTTP Request: POST https://coding.dashscope.aliyuncs.com/v1/chat/completions "HTTP/1.1 200 OK"
2026-03-29 20:53:00,996 [INFO] HTTP Request: POST https://coding.dashscope.aliyuncs.com/v1/chat/completions "HTTP/1.1 200 OK"
2026-03-29 20:53:03,430 [INFO] HTTP Request: POST https://coding.dashscope.aliyuncs.com/v1/chat/completions "HTTP/1.1 200 OK"
2026-03-29 20:53:05,579 [INFO] HTTP Request: POST https://coding.dashscope.aliyuncs.com/v1/chat/completions "HTTP/1.1 200 OK"
2026-03-29 20:53:11,067 [INFO] HTTP Request: POST https://coding.dashscope.aliyuncs.com/v1/chat/completions "HTTP/1.1 200 OK"
2026-03-29 20:53:23,882 [INFO] HTTP Request: POST https://coding.dashscope.aliyuncs.com/v1/chat/completions "HTTP/1.1 200 OK"
2026-03-29 20:53:25,804 [INFO] HTTP Request: POST https://coding.dashscope.aliyuncs.com/v1/chat/completions "HTTP/1.1 200 OK"
2026-03-29 20:53:27,900 [INFO] HTTP Request: POST https://coding.dashscope.aliyuncs.com/v1/chat/completions "HTTP/1.1 200 OK"
2026-03-29 20:53:30,045 [INFO] HTTP Request: POST https://coding.dashscope.aliyuncs.com/v1/chat/completions "HTTP/1.1 200 OK"
2026-03-29 20:53:32,703 [INFO] HTTP Request: POST https://coding.dashscope.aliyuncs.com/v1/chat/completions "HTTP/1.1 200 OK"
2026-03-29 20:53:41,409 [INFO] HTTP Request: POST https://coding.dashscope.aliyuncs.com/v1/chat/completions "HTTP/1.1 200 OK"
2026-03-29 20:53:41,416 [INFO] 历史已保存，当前 18 轮对话
2026-03-29 20:54:33,951 [INFO] HTTP Request: POST https://coding.dashscope.aliyuncs.com/v1/chat/completions "HTTP/1.1 200 OK"
2026-03-29 20:54:33,956 [INFO] 历史已保存，当前 19 轮对话
2026-03-29 20:55:19,091 [INFO] HTTP Request: POST https://coding.dashscope.aliyuncs.com/v1/chat/completions "HTTP/1.1 200 OK"
2026-03-29 20:55:48,197 [INFO] HTTP Request: POST https://coding.dashscope.aliyuncs.com/v1/chat/completions "HTTP/1.1 200 OK"
2026-03-29 20:55:55,700 [INFO] HTTP Request: POST https://coding.dashscope.aliyuncs.com/v1/chat/completions "HTTP/1.1 200 OK"
2026-03-29 20:56:00,579 [INFO] HTTP Request: POST https://coding.dashscope.aliyuncs.com/v1/chat/completions "HTTP/1.1 200 OK"
2026-03-29 20:56:16,246 [INFO] HTTP Request: POST https://coding.dashscope.aliyuncs.com/v1/chat/completions "HTTP/1.1 200 OK"
2026-03-29 20:56:26,255 [INFO] HTTP Request: POST https://coding.dashscope.aliyuncs.com/v1/chat/completions "HTTP/1.1 200 OK"
2026-03-29 20:56:37,845 [INFO] HTTP Request: POST https://coding.dashscope.aliyuncs.com/v1/chat/completions "HTTP/1.1 200 OK"
2026-03-29 20:56:40,021 [INFO] HTTP Request: POST https://coding.dashscope.aliyuncs.com/v1/chat/completions "HTTP/1.1 200 OK"
2026-03-29 20:56:42,265 [INFO] HTTP Request: POST https://coding.dashscope.aliyuncs.com/v1/chat/completions "HTTP/1.1 200 OK"
2026-03-29 20:56:44,527 [INFO] HTTP Request: POST https://coding.dashscope.aliyuncs.com/v1/chat/completions "HTTP/1.1 200 OK"
2026-03-29 20:57:10,743 [INFO] HTTP Request: POST https://coding.dashscope.aliyuncs.com/v1/chat/completions "HTTP/1.1 200 OK"
2026-03-29 20:57:56,905 [INFO] HTTP Request: POST https://coding.dashscope.aliyuncs.com/v1/chat/completions "HTTP/1.1 200 OK"
2026-03-29 20:57:56,917 [INFO] 历史已保存，当前 20 轮对话
2026-03-29 20:59:56,347 [INFO] HTTP Request: POST https://coding.dashscope.aliyuncs.com/v1/chat/completions "HTTP/1.1 200 OK"
2026-03-29 21:00:46,112 [INFO] HTTP Request: POST https://coding.dashscope.aliyuncs.com/v1/chat/completions "HTTP/1.1 200 OK"
2026-03-29 21:00:46,124 [INFO] 历史已保存，当前 20 轮对话
2026-03-29 21:01:18,354 [INFO] HTTP Request: POST https://coding.dashscope.aliyuncs.com/v1/chat/completions "HTTP/1.1 200 OK"
2026-03-29 21:01:18,359 [INFO] 历史已保存，当前 20 轮对话
2026-03-29 21:03:46,961 [INFO] HTTP Request: POST https://coding.dashscope.aliyuncs.com/v1/chat/completions "HTTP/1.1 200 OK"
2026-03-29 21:05:42,846 [INFO] HTTP Request: POST https://coding.dashscope.aliyuncs.com/v1/chat/completions "HTTP/1.1 200 OK"
2026-03-29 21:05:52,309 [INFO] HTTP Request: POST https://coding.dashscope.aliyuncs.com/v1/chat/completions "HTTP/1.1 200 OK"
2026-03-29 21:05:52,314 [INFO] 历史已保存，当前 20 轮对话
2026-03-29 21:08:09,394 [INFO] HTTP Request: POST https://coding.dashscope.aliyuncs.com/v1/chat/completions "HTTP/1.1 200 OK"
2026-03-29 21:08:43,822 [INFO] HTTP Request: POST https://coding.dashscope.aliyuncs.com/v1/chat/completions "HTTP/1.1 200 OK"
2026-03-29 21:08:57,768 [INFO] HTTP Request: POST https://coding.dashscope.aliyuncs.com/v1/chat/completions "HTTP/1.1 200 OK"
2026-03-29 21:09:17,966 [INFO] HTTP Request: POST https://coding.dashscope.aliyuncs.com/v1/chat/completions "HTTP/1.1 200 OK"
2026-03-29 21:09:17,973 [INFO] 历史已保存，当前 20 轮对话
2026-03-29 21:18:03,167 [INFO] 已加载 20 轮历史对话
2026-03-30 22:06:32,609 [INFO] 已加载 20 轮历史对话
2026-03-30 22:09:04,191 [INFO] 已加载 20 轮历史对话
2026-03-30 22:09:08,854 [INFO] 用户输入: 你好...
2026-03-30 22:09:08,855 [INFO] 构建消息完成，共 42 条消息
2026-03-30 22:09:08,855 [INFO] 开始第 1 轮对话
2026-03-30 22:09:37,848 [INFO] HTTP Request: POST https://coding.dashscope.aliyuncs.com/v1/chat/completions "HTTP/1.1 200 OK"
2026-03-30 22:09:37,854 [INFO] API 调用成功
2026-03-30 22:09:37,856 [INFO] 历史已保存，当前 20 轮对话
2026-03-30 22:10:12,246 [INFO] 用户输入: 查看day003...
2026-03-30 22:10:12,247 [INFO] 构建消息完成，共 42 条消息
2026-03-30 22:10:12,247 [INFO] 开始第 1 轮对话
2026-03-30 22:10:20,615 [INFO] HTTP Request: POST https://coding.dashscope.aliyuncs.com/v1/chat/completions "HTTP/1.1 200 OK"
2026-03-30 22:10:20,617 [INFO] API 调用成功
2026-03-30 22:10:20,621 [INFO] 开始第 2 轮对话
2026-03-30 22:10:22,462 [INFO] HTTP Request: POST https://coding.dashscope.aliyuncs.com/v1/chat/completions "HTTP/1.1 200 OK"
2026-03-30 22:10:22,464 [INFO] API 调用成功
2026-03-30 22:10:22,467 [INFO] 开始第 3 轮对话
2026-03-30 22:10:31,583 [INFO] HTTP Request: POST https://coding.dashscope.aliyuncs.com/v1/chat/completions "HTTP/1.1 200 OK"
2026-03-30 22:10:31,584 [INFO] API 调用成功
2026-03-30 22:10:31,595 [INFO] 历史已保存，当前 20 轮对话
2026-03-30 22:11:15,607 [INFO] 用户输入: 你查看temper.py你直接的代码文件，告诉我你想做什么...
2026-03-30 22:11:15,608 [INFO] 构建消息完成，共 42 条消息
2026-03-30 22:11:15,608 [INFO] 开始第 1 轮对话
2026-03-30 22:11:39,394 [INFO] HTTP Request: POST https://coding.dashscope.aliyuncs.com/v1/chat/completions "HTTP/1.1 200 OK"
2026-03-30 22:11:39,396 [INFO] API 调用成功
2026-03-30 22:11:39,403 [INFO] 开始第 2 轮对话
2026-03-30 22:11:56,458 [INFO] HTTP Request: POST https://coding.dashscope.aliyuncs.com/v1/chat/completions "HTTP/1.1 200 OK"
2026-03-30 22:11:56,459 [INFO] API 调用成功
2026-03-30 22:11:56,468 [INFO] 开始第 3 轮对话
2026-03-30 22:12:11,831 [INFO] HTTP Request: POST https://coding.dashscope.aliyuncs.com/v1/chat/completions "HTTP/1.1 200 OK"
2026-03-30 22:12:11,831 [INFO] API 调用成功
2026-03-30 22:12:11,836 [INFO] 开始第 4 轮对话
2026-03-30 22:12:14,433 [INFO] HTTP Request: POST https://coding.dashscope.aliyuncs.com/v1/chat/completions "HTTP/1.1 200 OK"
2026-03-30 22:12:14,434 [INFO] API 调用成功
2026-03-30 22:12:14,436 [INFO] 开始第 5 轮对话
2026-03-30 22:12:31,141 [INFO] HTTP Request: POST https://coding.dashscope.aliyuncs.com/v1/chat/completions "HTTP/1.1 200 OK"
2026-03-30 22:12:31,144 [INFO] API 调用成功
2026-03-30 22:12:31,160 [INFO] 开始第 6 轮对话
2026-03-30 22:12:47,296 [INFO] HTTP Request: POST https://coding.dashscope.aliyuncs.com/v1/chat/completions "HTTP/1.1 200 OK"
2026-03-30 22:12:47,297 [INFO] API 调用成功
2026-03-30 22:12:47,301 [INFO] 开始第 7 轮对话
2026-03-30 22:13:21,812 [INFO] HTTP Request: POST https://coding.dashscope.aliyuncs.com/v1/chat/completions "HTTP/1.1 200 OK"
2026-03-30 22:13:21,812 [INFO] API 调用成功
2026-03-30 22:13:21,817 [INFO] 开始第 8 轮对话
2026-03-30 22:13:31,128 [INFO] HTTP Request: POST https://coding.dashscope.aliyuncs.com/v1/chat/completions "HTTP/1.1 200 OK"
2026-03-30 22:13:31,133 [INFO] API 调用成功
2026-03-30 22:13:31,135 [INFO] 历史已保存，当前 20 轮对话
2026-03-30 22:14:17,795 [INFO] 用户输入: 添加工具链组合...
2026-03-30 22:14:17,796 [INFO] 构建消息完成，共 42 条消息
2026-03-30 22:14:17,796 [INFO] 开始第 1 轮对话
2026-03-30 22:15:40,645 [INFO] HTTP Request: POST https://coding.dashscope.aliyuncs.com/v1/chat/completions "HTTP/1.1 200 OK"
2026-03-30 22:15:40,647 [INFO] API 调用成功
2026-03-30 22:15:40,659 [INFO] 开始第 2 轮对话
2026-03-30 22:16:37,604 [INFO] HTTP Request: POST https://coding.dashscope.aliyuncs.com/v1/chat/completions "HTTP/1.1 200 OK"
2026-03-30 22:16:37,607 [INFO] API 调用成功
2026-03-30 22:16:37,611 [INFO] 历史已保存，当前 20 轮对话
